2015-08-09 20:47:57 [::1][-][-][error][yii\base\ErrorException:4] exception 'yii\base\ErrorException' with message 'parse error, expecting `"function (T_FUNCTION)"'' in /Users/liujinlan/web/weimp/weixin/controllers/WeixinController.php:23
Stack trace:
#0 [internal function]: yii\base\ErrorHandler->handleFatalError()
#1 {main}
2015-08-09 20:47:57 [::1][-][-][info][application] $_COOKIE = [
    '_csrf' => 'fc29698990aa0d47a65082f27d36c7145840d9e88ee5f11a20443b3645f6eccaa:2:{i:0;s:5:\"_csrf\";i:1;s:32:\"0uXTRdZnD39tCd9J33N1Kj7Cb1OPsEVs\";}'
    'b090___session' => 'eyJ1aWQiOiIxIiwibGFzdHZpc2l0IjoiMCIsImxhc3RpcCI6IiIsImhhc2giOiJmNjAzMzExMThlNGQ5NWI5NGQwNDgzMDViMmU1MDNhYiJ9'
    'PHPSESSID' => 'mvd34iun4oafnabj79tgsg8ls6'
    '_identity' => '4952323d979ceaf2d2c3c01898cdd8a40754c78461e8ccbb0e566f9ad6b11814a:2:{i:0;s:9:\"_identity\";i:1;s:14:\"[1,\"\",2592000]\";}'
]

$_SERVER = [
    'HTTP_HOST' => 'localhost'
    'HTTP_CONNECTION' => 'keep-alive'
    'HTTP_ACCEPT' => 'text/html,application/xhtml+xml,application/xml;q=0.9,image/webp,*/*;q=0.8'
    'HTTP_UPGRADE_INSECURE_REQUESTS' => '1'
    'HTTP_USER_AGENT' => 'Mozilla/5.0 (Macintosh; Intel Mac OS X 10_9_5) AppleWebKit/537.36 (KHTML, like Gecko) Chrome/44.0.2403.125 Safari/537.36'
    'HTTP_REFERER' => 'http://localhost/weimp/weixin/'
    'HTTP_ACCEPT_ENCODING' => 'gzip, deflate, sdch'
    'HTTP_ACCEPT_LANGUAGE' => 'zh-CN,zh;q=0.8,en;q=0.6'
    'HTTP_COOKIE' => '_csrf=fc29698990aa0d47a65082f27d36c7145840d9e88ee5f11a20443b3645f6eccaa%3A2%3A%7Bi%3A0%3Bs%3A5%3A%22_csrf%22%3Bi%3A1%3Bs%3A32%3A%220uXTRdZnD39tCd9J33N1Kj7Cb1OPsEVs%22%3B%7D; b090___session=eyJ1aWQiOiIxIiwibGFzdHZpc2l0IjoiMCIsImxhc3RpcCI6IiIsImhhc2giOiJmNjAzMzExMThlNGQ5NWI5NGQwNDgzMDViMmU1MDNhYiJ9; PHPSESSID=mvd34iun4oafnabj79tgsg8ls6; _identity=4952323d979ceaf2d2c3c01898cdd8a40754c78461e8ccbb0e566f9ad6b11814a%3A2%3A%7Bi%3A0%3Bs%3A9%3A%22_identity%22%3Bi%3A1%3Bs%3A14%3A%22%5B1%2C%22%22%2C2592000%5D%22%3B%7D'
    'PATH' => '/usr/bin:/bin:/usr/sbin:/sbin'
    'SERVER_SIGNATURE' => ''
    'SERVER_SOFTWARE' => 'Apache/2.2.26 (Unix) DAV/2 PHP/5.4.30 mod_ssl/2.2.26 OpenSSL/0.9.8za'
    'SERVER_NAME' => 'localhost'
    'SERVER_ADDR' => '::1'
    'SERVER_PORT' => '80'
    'REMOTE_ADDR' => '::1'
    'DOCUMENT_ROOT' => '/Users/liujinlan/web'
    'SERVER_ADMIN' => 'you@example.com'
    'SCRIPT_FILENAME' => '/Users/liujinlan/web/weimp/weixin/web/index.php'
    'REMOTE_PORT' => '57847'
    'GATEWAY_INTERFACE' => 'CGI/1.1'
    'SERVER_PROTOCOL' => 'HTTP/1.1'
    'REQUEST_METHOD' => 'GET'
    'QUERY_STRING' => ''
    'REQUEST_URI' => '/weimp/weixin/web/'
    'SCRIPT_NAME' => '/weimp/weixin/web/index.php'
    'PHP_SELF' => '/weimp/weixin/web/index.php'
    'REQUEST_TIME_FLOAT' => 1439124477.04
    'REQUEST_TIME' => 1439124477
]
2015-08-09 20:47:57 [::1][-][-][warning][yii\log\Dispatcher::dispatch] Unable to send log via yii\debug\LogTarget: Exception (Invalid Configuration) 'yii\base\InvalidConfigException' with message 'The directory does not exist: /Users/liujinlan/web/weimp/weixin/web/assets' 

in /Users/liujinlan/web/weimp/vendor/yiisoft/yii2/web/AssetManager.php:175

Stack trace:
#0 /Users/liujinlan/web/weimp/vendor/yiisoft/yii2/base/Object.php(107): yii\web\AssetManager->init()
#1 [internal function]: yii\base\Object->__construct(Array)
#2 /Users/liujinlan/web/weimp/vendor/yiisoft/yii2/di/Container.php(366): ReflectionClass->newInstanceArgs(Array)
#3 /Users/liujinlan/web/weimp/vendor/yiisoft/yii2/di/Container.php(151): yii\di\Container->build('yii\\web\\AssetMa...', Array, Array)
#4 /Users/liujinlan/web/weimp/vendor/yiisoft/yii2/BaseYii.php(344): yii\di\Container->get('yii\\web\\AssetMa...', Array, Array)
#5 /Users/liujinlan/web/weimp/vendor/yiisoft/yii2/di/ServiceLocator.php(133): yii\BaseYii::createObject(Array)
#6 /Users/liujinlan/web/weimp/vendor/yiisoft/yii2/base/Application.php(600): yii\di\ServiceLocator->get('assetManager')
#7 /Users/liujinlan/web/weimp/vendor/yiisoft/yii2/web/View.php(223): yii\base\Application->getAssetManager()
#8 /Users/liujinlan/web/weimp/vendor/yiisoft/yii2/base/Component.php(130): yii\web\View->getAssetManager()
#9 /Users/liujinlan/web/weimp/vendor/yiisoft/yii2-debug/panels/AssetPanel.php(53): yii\base\Component->__get('assetManager')
#10 /Users/liujinlan/web/weimp/vendor/yiisoft/yii2-debug/LogTarget.php(55): yii\debug\panels\AssetPanel->save()
#11 /Users/liujinlan/web/weimp/vendor/yiisoft/yii2-debug/LogTarget.php(112): yii\debug\LogTarget->export(Array)
#12 /Users/liujinlan/web/weimp/vendor/yiisoft/yii2/log/Dispatcher.php(183): yii\debug\LogTarget->collect(Array, true)
#13 /Users/liujinlan/web/weimp/vendor/yiisoft/yii2/log/Logger.php(173): yii\log\Dispatcher->dispatch(Array, true)
#14 /Users/liujinlan/web/weimp/vendor/yiisoft/yii2/base/ErrorHandler.php(193): yii\log\Logger->flush(true)
#15 [internal function]: yii\base\ErrorHandler->handleFatalError()
#16 {main}
2015-08-09 20:47:57 [::1][-][-][info][application] $_COOKIE = [
    '_csrf' => 'fc29698990aa0d47a65082f27d36c7145840d9e88ee5f11a20443b3645f6eccaa:2:{i:0;s:5:\"_csrf\";i:1;s:32:\"0uXTRdZnD39tCd9J33N1Kj7Cb1OPsEVs\";}'
    'b090___session' => 'eyJ1aWQiOiIxIiwibGFzdHZpc2l0IjoiMCIsImxhc3RpcCI6IiIsImhhc2giOiJmNjAzMzExMThlNGQ5NWI5NGQwNDgzMDViMmU1MDNhYiJ9'
    'PHPSESSID' => 'mvd34iun4oafnabj79tgsg8ls6'
    '_identity' => '4952323d979ceaf2d2c3c01898cdd8a40754c78461e8ccbb0e566f9ad6b11814a:2:{i:0;s:9:\"_identity\";i:1;s:14:\"[1,\"\",2592000]\";}'
]

$_SERVER = [
    'HTTP_HOST' => 'localhost'
    'HTTP_CONNECTION' => 'keep-alive'
    'HTTP_ACCEPT' => 'text/html,application/xhtml+xml,application/xml;q=0.9,image/webp,*/*;q=0.8'
    'HTTP_UPGRADE_INSECURE_REQUESTS' => '1'
    'HTTP_USER_AGENT' => 'Mozilla/5.0 (Macintosh; Intel Mac OS X 10_9_5) AppleWebKit/537.36 (KHTML, like Gecko) Chrome/44.0.2403.125 Safari/537.36'
    'HTTP_REFERER' => 'http://localhost/weimp/weixin/'
    'HTTP_ACCEPT_ENCODING' => 'gzip, deflate, sdch'
    'HTTP_ACCEPT_LANGUAGE' => 'zh-CN,zh;q=0.8,en;q=0.6'
    'HTTP_COOKIE' => '_csrf=fc29698990aa0d47a65082f27d36c7145840d9e88ee5f11a20443b3645f6eccaa%3A2%3A%7Bi%3A0%3Bs%3A5%3A%22_csrf%22%3Bi%3A1%3Bs%3A32%3A%220uXTRdZnD39tCd9J33N1Kj7Cb1OPsEVs%22%3B%7D; b090___session=eyJ1aWQiOiIxIiwibGFzdHZpc2l0IjoiMCIsImxhc3RpcCI6IiIsImhhc2giOiJmNjAzMzExMThlNGQ5NWI5NGQwNDgzMDViMmU1MDNhYiJ9; PHPSESSID=mvd34iun4oafnabj79tgsg8ls6; _identity=4952323d979ceaf2d2c3c01898cdd8a40754c78461e8ccbb0e566f9ad6b11814a%3A2%3A%7Bi%3A0%3Bs%3A9%3A%22_identity%22%3Bi%3A1%3Bs%3A14%3A%22%5B1%2C%22%22%2C2592000%5D%22%3B%7D'
    'PATH' => '/usr/bin:/bin:/usr/sbin:/sbin'
    'SERVER_SIGNATURE' => ''
    'SERVER_SOFTWARE' => 'Apache/2.2.26 (Unix) DAV/2 PHP/5.4.30 mod_ssl/2.2.26 OpenSSL/0.9.8za'
    'SERVER_NAME' => 'localhost'
    'SERVER_ADDR' => '::1'
    'SERVER_PORT' => '80'
    'REMOTE_ADDR' => '::1'
    'DOCUMENT_ROOT' => '/Users/liujinlan/web'
    'SERVER_ADMIN' => 'you@example.com'
    'SCRIPT_FILENAME' => '/Users/liujinlan/web/weimp/weixin/web/index.php'
    'REMOTE_PORT' => '57847'
    'GATEWAY_INTERFACE' => 'CGI/1.1'
    'SERVER_PROTOCOL' => 'HTTP/1.1'
    'REQUEST_METHOD' => 'GET'
    'QUERY_STRING' => ''
    'REQUEST_URI' => '/weimp/weixin/web/'
    'SCRIPT_NAME' => '/weimp/weixin/web/index.php'
    'PHP_SELF' => '/weimp/weixin/web/index.php'
    'REQUEST_TIME_FLOAT' => 1439124477.04
    'REQUEST_TIME' => 1439124477
]
2015-08-09 20:50:14 [::1][-][-][error][yii\base\ErrorException:4] exception 'yii\base\ErrorException' with message 'parse error, expecting `"function (T_FUNCTION)"'' in /Users/liujinlan/web/weimp/weixin/controllers/WeixinController.php:23
Stack trace:
#0 [internal function]: yii\base\ErrorHandler->handleFatalError()
#1 {main}
2015-08-09 20:50:14 [::1][-][-][info][application] $_COOKIE = [
    '_csrf' => 'fc29698990aa0d47a65082f27d36c7145840d9e88ee5f11a20443b3645f6eccaa:2:{i:0;s:5:\"_csrf\";i:1;s:32:\"0uXTRdZnD39tCd9J33N1Kj7Cb1OPsEVs\";}'
    'b090___session' => 'eyJ1aWQiOiIxIiwibGFzdHZpc2l0IjoiMCIsImxhc3RpcCI6IiIsImhhc2giOiJmNjAzMzExMThlNGQ5NWI5NGQwNDgzMDViMmU1MDNhYiJ9'
    'PHPSESSID' => 'mvd34iun4oafnabj79tgsg8ls6'
    '_identity' => '4952323d979ceaf2d2c3c01898cdd8a40754c78461e8ccbb0e566f9ad6b11814a:2:{i:0;s:9:\"_identity\";i:1;s:14:\"[1,\"\",2592000]\";}'
]

$_SERVER = [
    'HTTP_HOST' => 'localhost'
    'HTTP_CONNECTION' => 'keep-alive'
    'HTTP_CACHE_CONTROL' => 'max-age=0'
    'HTTP_ACCEPT' => 'text/html,application/xhtml+xml,application/xml;q=0.9,image/webp,*/*;q=0.8'
    'HTTP_UPGRADE_INSECURE_REQUESTS' => '1'
    'HTTP_USER_AGENT' => 'Mozilla/5.0 (Macintosh; Intel Mac OS X 10_9_5) AppleWebKit/537.36 (KHTML, like Gecko) Chrome/44.0.2403.125 Safari/537.36'
    'HTTP_ACCEPT_ENCODING' => 'gzip, deflate, sdch'
    'HTTP_ACCEPT_LANGUAGE' => 'zh-CN,zh;q=0.8,en;q=0.6'
    'HTTP_COOKIE' => '_csrf=fc29698990aa0d47a65082f27d36c7145840d9e88ee5f11a20443b3645f6eccaa%3A2%3A%7Bi%3A0%3Bs%3A5%3A%22_csrf%22%3Bi%3A1%3Bs%3A32%3A%220uXTRdZnD39tCd9J33N1Kj7Cb1OPsEVs%22%3B%7D; b090___session=eyJ1aWQiOiIxIiwibGFzdHZpc2l0IjoiMCIsImxhc3RpcCI6IiIsImhhc2giOiJmNjAzMzExMThlNGQ5NWI5NGQwNDgzMDViMmU1MDNhYiJ9; PHPSESSID=mvd34iun4oafnabj79tgsg8ls6; _identity=4952323d979ceaf2d2c3c01898cdd8a40754c78461e8ccbb0e566f9ad6b11814a%3A2%3A%7Bi%3A0%3Bs%3A9%3A%22_identity%22%3Bi%3A1%3Bs%3A14%3A%22%5B1%2C%22%22%2C2592000%5D%22%3B%7D'
    'PATH' => '/usr/bin:/bin:/usr/sbin:/sbin'
    'SERVER_SIGNATURE' => ''
    'SERVER_SOFTWARE' => 'Apache/2.2.26 (Unix) DAV/2 PHP/5.4.30 mod_ssl/2.2.26 OpenSSL/0.9.8za'
    'SERVER_NAME' => 'localhost'
    'SERVER_ADDR' => '::1'
    'SERVER_PORT' => '80'
    'REMOTE_ADDR' => '::1'
    'DOCUMENT_ROOT' => '/Users/liujinlan/web'
    'SERVER_ADMIN' => 'you@example.com'
    'SCRIPT_FILENAME' => '/Users/liujinlan/web/weimp/weixin/web/index.php'
    'REMOTE_PORT' => '57855'
    'GATEWAY_INTERFACE' => 'CGI/1.1'
    'SERVER_PROTOCOL' => 'HTTP/1.1'
    'REQUEST_METHOD' => 'GET'
    'QUERY_STRING' => ''
    'REQUEST_URI' => '/weimp/weixin/web/'
    'SCRIPT_NAME' => '/weimp/weixin/web/index.php'
    'PHP_SELF' => '/weimp/weixin/web/index.php'
    'REQUEST_TIME_FLOAT' => 1439124614.125
    'REQUEST_TIME' => 1439124614
]
2015-08-09 20:50:14 [::1][-][-][warning][yii\log\Dispatcher::dispatch] Unable to send log via yii\debug\LogTarget: Exception (Invalid Configuration) 'yii\base\InvalidConfigException' with message 'The directory does not exist: /Users/liujinlan/web/weimp/weixin/web/assets' 

in /Users/liujinlan/web/weimp/vendor/yiisoft/yii2/web/AssetManager.php:175

Stack trace:
#0 /Users/liujinlan/web/weimp/vendor/yiisoft/yii2/base/Object.php(107): yii\web\AssetManager->init()
#1 [internal function]: yii\base\Object->__construct(Array)
#2 /Users/liujinlan/web/weimp/vendor/yiisoft/yii2/di/Container.php(366): ReflectionClass->newInstanceArgs(Array)
#3 /Users/liujinlan/web/weimp/vendor/yiisoft/yii2/di/Container.php(151): yii\di\Container->build('yii\\web\\AssetMa...', Array, Array)
#4 /Users/liujinlan/web/weimp/vendor/yiisoft/yii2/BaseYii.php(344): yii\di\Container->get('yii\\web\\AssetMa...', Array, Array)
#5 /Users/liujinlan/web/weimp/vendor/yiisoft/yii2/di/ServiceLocator.php(133): yii\BaseYii::createObject(Array)
#6 /Users/liujinlan/web/weimp/vendor/yiisoft/yii2/base/Application.php(600): yii\di\ServiceLocator->get('assetManager')
#7 /Users/liujinlan/web/weimp/vendor/yiisoft/yii2/web/View.php(223): yii\base\Application->getAssetManager()
#8 /Users/liujinlan/web/weimp/vendor/yiisoft/yii2/base/Component.php(130): yii\web\View->getAssetManager()
#9 /Users/liujinlan/web/weimp/vendor/yiisoft/yii2-debug/panels/AssetPanel.php(53): yii\base\Component->__get('assetManager')
#10 /Users/liujinlan/web/weimp/vendor/yiisoft/yii2-debug/LogTarget.php(55): yii\debug\panels\AssetPanel->save()
#11 /Users/liujinlan/web/weimp/vendor/yiisoft/yii2-debug/LogTarget.php(112): yii\debug\LogTarget->export(Array)
#12 /Users/liujinlan/web/weimp/vendor/yiisoft/yii2/log/Dispatcher.php(183): yii\debug\LogTarget->collect(Array, true)
#13 /Users/liujinlan/web/weimp/vendor/yiisoft/yii2/log/Logger.php(173): yii\log\Dispatcher->dispatch(Array, true)
#14 /Users/liujinlan/web/weimp/vendor/yiisoft/yii2/base/ErrorHandler.php(193): yii\log\Logger->flush(true)
#15 [internal function]: yii\base\ErrorHandler->handleFatalError()
#16 {main}
2015-08-09 20:50:14 [::1][-][-][info][application] $_COOKIE = [
    '_csrf' => 'fc29698990aa0d47a65082f27d36c7145840d9e88ee5f11a20443b3645f6eccaa:2:{i:0;s:5:\"_csrf\";i:1;s:32:\"0uXTRdZnD39tCd9J33N1Kj7Cb1OPsEVs\";}'
    'b090___session' => 'eyJ1aWQiOiIxIiwibGFzdHZpc2l0IjoiMCIsImxhc3RpcCI6IiIsImhhc2giOiJmNjAzMzExMThlNGQ5NWI5NGQwNDgzMDViMmU1MDNhYiJ9'
    'PHPSESSID' => 'mvd34iun4oafnabj79tgsg8ls6'
    '_identity' => '4952323d979ceaf2d2c3c01898cdd8a40754c78461e8ccbb0e566f9ad6b11814a:2:{i:0;s:9:\"_identity\";i:1;s:14:\"[1,\"\",2592000]\";}'
]

$_SERVER = [
    'HTTP_HOST' => 'localhost'
    'HTTP_CONNECTION' => 'keep-alive'
    'HTTP_CACHE_CONTROL' => 'max-age=0'
    'HTTP_ACCEPT' => 'text/html,application/xhtml+xml,application/xml;q=0.9,image/webp,*/*;q=0.8'
    'HTTP_UPGRADE_INSECURE_REQUESTS' => '1'
    'HTTP_USER_AGENT' => 'Mozilla/5.0 (Macintosh; Intel Mac OS X 10_9_5) AppleWebKit/537.36 (KHTML, like Gecko) Chrome/44.0.2403.125 Safari/537.36'
    'HTTP_ACCEPT_ENCODING' => 'gzip, deflate, sdch'
    'HTTP_ACCEPT_LANGUAGE' => 'zh-CN,zh;q=0.8,en;q=0.6'
    'HTTP_COOKIE' => '_csrf=fc29698990aa0d47a65082f27d36c7145840d9e88ee5f11a20443b3645f6eccaa%3A2%3A%7Bi%3A0%3Bs%3A5%3A%22_csrf%22%3Bi%3A1%3Bs%3A32%3A%220uXTRdZnD39tCd9J33N1Kj7Cb1OPsEVs%22%3B%7D; b090___session=eyJ1aWQiOiIxIiwibGFzdHZpc2l0IjoiMCIsImxhc3RpcCI6IiIsImhhc2giOiJmNjAzMzExMThlNGQ5NWI5NGQwNDgzMDViMmU1MDNhYiJ9; PHPSESSID=mvd34iun4oafnabj79tgsg8ls6; _identity=4952323d979ceaf2d2c3c01898cdd8a40754c78461e8ccbb0e566f9ad6b11814a%3A2%3A%7Bi%3A0%3Bs%3A9%3A%22_identity%22%3Bi%3A1%3Bs%3A14%3A%22%5B1%2C%22%22%2C2592000%5D%22%3B%7D'
    'PATH' => '/usr/bin:/bin:/usr/sbin:/sbin'
    'SERVER_SIGNATURE' => ''
    'SERVER_SOFTWARE' => 'Apache/2.2.26 (Unix) DAV/2 PHP/5.4.30 mod_ssl/2.2.26 OpenSSL/0.9.8za'
    'SERVER_NAME' => 'localhost'
    'SERVER_ADDR' => '::1'
    'SERVER_PORT' => '80'
    'REMOTE_ADDR' => '::1'
    'DOCUMENT_ROOT' => '/Users/liujinlan/web'
    'SERVER_ADMIN' => 'you@example.com'
    'SCRIPT_FILENAME' => '/Users/liujinlan/web/weimp/weixin/web/index.php'
    'REMOTE_PORT' => '57855'
    'GATEWAY_INTERFACE' => 'CGI/1.1'
    'SERVER_PROTOCOL' => 'HTTP/1.1'
    'REQUEST_METHOD' => 'GET'
    'QUERY_STRING' => ''
    'REQUEST_URI' => '/weimp/weixin/web/'
    'SCRIPT_NAME' => '/weimp/weixin/web/index.php'
    'PHP_SELF' => '/weimp/weixin/web/index.php'
    'REQUEST_TIME_FLOAT' => 1439124614.125
    'REQUEST_TIME' => 1439124614
]
2015-08-09 20:50:19 [::1][-][-][error][yii\base\ErrorException:4] exception 'yii\base\ErrorException' with message 'parse error, expecting `"function (T_FUNCTION)"'' in /Users/liujinlan/web/weimp/weixin/controllers/WeixinController.php:23
Stack trace:
#0 [internal function]: yii\base\ErrorHandler->handleFatalError()
#1 {main}
2015-08-09 20:50:19 [::1][-][-][info][application] $_COOKIE = [
    '_csrf' => 'fc29698990aa0d47a65082f27d36c7145840d9e88ee5f11a20443b3645f6eccaa:2:{i:0;s:5:\"_csrf\";i:1;s:32:\"0uXTRdZnD39tCd9J33N1Kj7Cb1OPsEVs\";}'
    'b090___session' => 'eyJ1aWQiOiIxIiwibGFzdHZpc2l0IjoiMCIsImxhc3RpcCI6IiIsImhhc2giOiJmNjAzMzExMThlNGQ5NWI5NGQwNDgzMDViMmU1MDNhYiJ9'
    'PHPSESSID' => 'mvd34iun4oafnabj79tgsg8ls6'
    '_identity' => '4952323d979ceaf2d2c3c01898cdd8a40754c78461e8ccbb0e566f9ad6b11814a:2:{i:0;s:9:\"_identity\";i:1;s:14:\"[1,\"\",2592000]\";}'
]

$_SERVER = [
    'HTTP_HOST' => 'localhost'
    'HTTP_CONNECTION' => 'keep-alive'
    'HTTP_ACCEPT' => 'text/html,application/xhtml+xml,application/xml;q=0.9,image/webp,*/*;q=0.8'
    'HTTP_UPGRADE_INSECURE_REQUESTS' => '1'
    'HTTP_USER_AGENT' => 'Mozilla/5.0 (Macintosh; Intel Mac OS X 10_9_5) AppleWebKit/537.36 (KHTML, like Gecko) Chrome/44.0.2403.125 Safari/537.36'
    'HTTP_ACCEPT_ENCODING' => 'gzip, deflate, sdch'
    'HTTP_ACCEPT_LANGUAGE' => 'zh-CN,zh;q=0.8,en;q=0.6'
    'HTTP_COOKIE' => '_csrf=fc29698990aa0d47a65082f27d36c7145840d9e88ee5f11a20443b3645f6eccaa%3A2%3A%7Bi%3A0%3Bs%3A5%3A%22_csrf%22%3Bi%3A1%3Bs%3A32%3A%220uXTRdZnD39tCd9J33N1Kj7Cb1OPsEVs%22%3B%7D; b090___session=eyJ1aWQiOiIxIiwibGFzdHZpc2l0IjoiMCIsImxhc3RpcCI6IiIsImhhc2giOiJmNjAzMzExMThlNGQ5NWI5NGQwNDgzMDViMmU1MDNhYiJ9; PHPSESSID=mvd34iun4oafnabj79tgsg8ls6; _identity=4952323d979ceaf2d2c3c01898cdd8a40754c78461e8ccbb0e566f9ad6b11814a%3A2%3A%7Bi%3A0%3Bs%3A9%3A%22_identity%22%3Bi%3A1%3Bs%3A14%3A%22%5B1%2C%22%22%2C2592000%5D%22%3B%7D'
    'PATH' => '/usr/bin:/bin:/usr/sbin:/sbin'
    'SERVER_SIGNATURE' => ''
    'SERVER_SOFTWARE' => 'Apache/2.2.26 (Unix) DAV/2 PHP/5.4.30 mod_ssl/2.2.26 OpenSSL/0.9.8za'
    'SERVER_NAME' => 'localhost'
    'SERVER_ADDR' => '::1'
    'SERVER_PORT' => '80'
    'REMOTE_ADDR' => '::1'
    'DOCUMENT_ROOT' => '/Users/liujinlan/web'
    'SERVER_ADMIN' => 'you@example.com'
    'SCRIPT_FILENAME' => '/Users/liujinlan/web/weimp/weixin/web/index.php'
    'REMOTE_PORT' => '57856'
    'GATEWAY_INTERFACE' => 'CGI/1.1'
    'SERVER_PROTOCOL' => 'HTTP/1.1'
    'REQUEST_METHOD' => 'GET'
    'QUERY_STRING' => ''
    'REQUEST_URI' => '/weimp/weixin/web/index.php'
    'SCRIPT_NAME' => '/weimp/weixin/web/index.php'
    'PHP_SELF' => '/weimp/weixin/web/index.php'
    'REQUEST_TIME_FLOAT' => 1439124619.143
    'REQUEST_TIME' => 1439124619
]
2015-08-09 20:50:19 [::1][-][-][warning][yii\log\Dispatcher::dispatch] Unable to send log via yii\debug\LogTarget: Exception (Invalid Configuration) 'yii\base\InvalidConfigException' with message 'The directory does not exist: /Users/liujinlan/web/weimp/weixin/web/assets' 

in /Users/liujinlan/web/weimp/vendor/yiisoft/yii2/web/AssetManager.php:175

Stack trace:
#0 /Users/liujinlan/web/weimp/vendor/yiisoft/yii2/base/Object.php(107): yii\web\AssetManager->init()
#1 [internal function]: yii\base\Object->__construct(Array)
#2 /Users/liujinlan/web/weimp/vendor/yiisoft/yii2/di/Container.php(366): ReflectionClass->newInstanceArgs(Array)
#3 /Users/liujinlan/web/weimp/vendor/yiisoft/yii2/di/Container.php(151): yii\di\Container->build('yii\\web\\AssetMa...', Array, Array)
#4 /Users/liujinlan/web/weimp/vendor/yiisoft/yii2/BaseYii.php(344): yii\di\Container->get('yii\\web\\AssetMa...', Array, Array)
#5 /Users/liujinlan/web/weimp/vendor/yiisoft/yii2/di/ServiceLocator.php(133): yii\BaseYii::createObject(Array)
#6 /Users/liujinlan/web/weimp/vendor/yiisoft/yii2/base/Application.php(600): yii\di\ServiceLocator->get('assetManager')
#7 /Users/liujinlan/web/weimp/vendor/yiisoft/yii2/web/View.php(223): yii\base\Application->getAssetManager()
#8 /Users/liujinlan/web/weimp/vendor/yiisoft/yii2/base/Component.php(130): yii\web\View->getAssetManager()
#9 /Users/liujinlan/web/weimp/vendor/yiisoft/yii2-debug/panels/AssetPanel.php(53): yii\base\Component->__get('assetManager')
#10 /Users/liujinlan/web/weimp/vendor/yiisoft/yii2-debug/LogTarget.php(55): yii\debug\panels\AssetPanel->save()
#11 /Users/liujinlan/web/weimp/vendor/yiisoft/yii2-debug/LogTarget.php(112): yii\debug\LogTarget->export(Array)
#12 /Users/liujinlan/web/weimp/vendor/yiisoft/yii2/log/Dispatcher.php(183): yii\debug\LogTarget->collect(Array, true)
#13 /Users/liujinlan/web/weimp/vendor/yiisoft/yii2/log/Logger.php(173): yii\log\Dispatcher->dispatch(Array, true)
#14 /Users/liujinlan/web/weimp/vendor/yiisoft/yii2/base/ErrorHandler.php(193): yii\log\Logger->flush(true)
#15 [internal function]: yii\base\ErrorHandler->handleFatalError()
#16 {main}
2015-08-09 20:50:19 [::1][-][-][info][application] $_COOKIE = [
    '_csrf' => 'fc29698990aa0d47a65082f27d36c7145840d9e88ee5f11a20443b3645f6eccaa:2:{i:0;s:5:\"_csrf\";i:1;s:32:\"0uXTRdZnD39tCd9J33N1Kj7Cb1OPsEVs\";}'
    'b090___session' => 'eyJ1aWQiOiIxIiwibGFzdHZpc2l0IjoiMCIsImxhc3RpcCI6IiIsImhhc2giOiJmNjAzMzExMThlNGQ5NWI5NGQwNDgzMDViMmU1MDNhYiJ9'
    'PHPSESSID' => 'mvd34iun4oafnabj79tgsg8ls6'
    '_identity' => '4952323d979ceaf2d2c3c01898cdd8a40754c78461e8ccbb0e566f9ad6b11814a:2:{i:0;s:9:\"_identity\";i:1;s:14:\"[1,\"\",2592000]\";}'
]

$_SERVER = [
    'HTTP_HOST' => 'localhost'
    'HTTP_CONNECTION' => 'keep-alive'
    'HTTP_ACCEPT' => 'text/html,application/xhtml+xml,application/xml;q=0.9,image/webp,*/*;q=0.8'
    'HTTP_UPGRADE_INSECURE_REQUESTS' => '1'
    'HTTP_USER_AGENT' => 'Mozilla/5.0 (Macintosh; Intel Mac OS X 10_9_5) AppleWebKit/537.36 (KHTML, like Gecko) Chrome/44.0.2403.125 Safari/537.36'
    'HTTP_ACCEPT_ENCODING' => 'gzip, deflate, sdch'
    'HTTP_ACCEPT_LANGUAGE' => 'zh-CN,zh;q=0.8,en;q=0.6'
    'HTTP_COOKIE' => '_csrf=fc29698990aa0d47a65082f27d36c7145840d9e88ee5f11a20443b3645f6eccaa%3A2%3A%7Bi%3A0%3Bs%3A5%3A%22_csrf%22%3Bi%3A1%3Bs%3A32%3A%220uXTRdZnD39tCd9J33N1Kj7Cb1OPsEVs%22%3B%7D; b090___session=eyJ1aWQiOiIxIiwibGFzdHZpc2l0IjoiMCIsImxhc3RpcCI6IiIsImhhc2giOiJmNjAzMzExMThlNGQ5NWI5NGQwNDgzMDViMmU1MDNhYiJ9; PHPSESSID=mvd34iun4oafnabj79tgsg8ls6; _identity=4952323d979ceaf2d2c3c01898cdd8a40754c78461e8ccbb0e566f9ad6b11814a%3A2%3A%7Bi%3A0%3Bs%3A9%3A%22_identity%22%3Bi%3A1%3Bs%3A14%3A%22%5B1%2C%22%22%2C2592000%5D%22%3B%7D'
    'PATH' => '/usr/bin:/bin:/usr/sbin:/sbin'
    'SERVER_SIGNATURE' => ''
    'SERVER_SOFTWARE' => 'Apache/2.2.26 (Unix) DAV/2 PHP/5.4.30 mod_ssl/2.2.26 OpenSSL/0.9.8za'
    'SERVER_NAME' => 'localhost'
    'SERVER_ADDR' => '::1'
    'SERVER_PORT' => '80'
    'REMOTE_ADDR' => '::1'
    'DOCUMENT_ROOT' => '/Users/liujinlan/web'
    'SERVER_ADMIN' => 'you@example.com'
    'SCRIPT_FILENAME' => '/Users/liujinlan/web/weimp/weixin/web/index.php'
    'REMOTE_PORT' => '57856'
    'GATEWAY_INTERFACE' => 'CGI/1.1'
    'SERVER_PROTOCOL' => 'HTTP/1.1'
    'REQUEST_METHOD' => 'GET'
    'QUERY_STRING' => ''
    'REQUEST_URI' => '/weimp/weixin/web/index.php'
    'SCRIPT_NAME' => '/weimp/weixin/web/index.php'
    'PHP_SELF' => '/weimp/weixin/web/index.php'
    'REQUEST_TIME_FLOAT' => 1439124619.143
    'REQUEST_TIME' => 1439124619
]
2015-08-09 20:52:36 [::1][-][-][error][yii\base\ErrorException:4] exception 'yii\base\ErrorException' with message 'parse error, expecting `"function (T_FUNCTION)"'' in /Users/liujinlan/web/weimp/weixin/controllers/WeixinController.php:23
Stack trace:
#0 [internal function]: yii\base\ErrorHandler->handleFatalError()
#1 {main}
2015-08-09 20:52:36 [::1][-][-][info][application] $_COOKIE = [
    '_csrf' => 'fc29698990aa0d47a65082f27d36c7145840d9e88ee5f11a20443b3645f6eccaa:2:{i:0;s:5:\"_csrf\";i:1;s:32:\"0uXTRdZnD39tCd9J33N1Kj7Cb1OPsEVs\";}'
    'b090___session' => 'eyJ1aWQiOiIxIiwibGFzdHZpc2l0IjoiMCIsImxhc3RpcCI6IiIsImhhc2giOiJmNjAzMzExMThlNGQ5NWI5NGQwNDgzMDViMmU1MDNhYiJ9'
    'PHPSESSID' => 'mvd34iun4oafnabj79tgsg8ls6'
    '_identity' => '4952323d979ceaf2d2c3c01898cdd8a40754c78461e8ccbb0e566f9ad6b11814a:2:{i:0;s:9:\"_identity\";i:1;s:14:\"[1,\"\",2592000]\";}'
]

$_SERVER = [
    'HTTP_HOST' => 'localhost'
    'HTTP_CONNECTION' => 'keep-alive'
    'HTTP_CACHE_CONTROL' => 'max-age=0'
    'HTTP_ACCEPT' => 'text/html,application/xhtml+xml,application/xml;q=0.9,image/webp,*/*;q=0.8'
    'HTTP_UPGRADE_INSECURE_REQUESTS' => '1'
    'HTTP_USER_AGENT' => 'Mozilla/5.0 (Macintosh; Intel Mac OS X 10_9_5) AppleWebKit/537.36 (KHTML, like Gecko) Chrome/44.0.2403.125 Safari/537.36'
    'HTTP_ACCEPT_ENCODING' => 'gzip, deflate, sdch'
    'HTTP_ACCEPT_LANGUAGE' => 'zh-CN,zh;q=0.8,en;q=0.6'
    'HTTP_COOKIE' => '_csrf=fc29698990aa0d47a65082f27d36c7145840d9e88ee5f11a20443b3645f6eccaa%3A2%3A%7Bi%3A0%3Bs%3A5%3A%22_csrf%22%3Bi%3A1%3Bs%3A32%3A%220uXTRdZnD39tCd9J33N1Kj7Cb1OPsEVs%22%3B%7D; b090___session=eyJ1aWQiOiIxIiwibGFzdHZpc2l0IjoiMCIsImxhc3RpcCI6IiIsImhhc2giOiJmNjAzMzExMThlNGQ5NWI5NGQwNDgzMDViMmU1MDNhYiJ9; PHPSESSID=mvd34iun4oafnabj79tgsg8ls6; _identity=4952323d979ceaf2d2c3c01898cdd8a40754c78461e8ccbb0e566f9ad6b11814a%3A2%3A%7Bi%3A0%3Bs%3A9%3A%22_identity%22%3Bi%3A1%3Bs%3A14%3A%22%5B1%2C%22%22%2C2592000%5D%22%3B%7D'
    'PATH' => '/usr/bin:/bin:/usr/sbin:/sbin'
    'SERVER_SIGNATURE' => ''
    'SERVER_SOFTWARE' => 'Apache/2.2.26 (Unix) DAV/2 PHP/5.4.30 mod_ssl/2.2.26 OpenSSL/0.9.8za'
    'SERVER_NAME' => 'localhost'
    'SERVER_ADDR' => '::1'
    'SERVER_PORT' => '80'
    'REMOTE_ADDR' => '::1'
    'DOCUMENT_ROOT' => '/Users/liujinlan/web'
    'SERVER_ADMIN' => 'you@example.com'
    'SCRIPT_FILENAME' => '/Users/liujinlan/web/weimp/weixin/web/index.php'
    'REMOTE_PORT' => '57880'
    'GATEWAY_INTERFACE' => 'CGI/1.1'
    'SERVER_PROTOCOL' => 'HTTP/1.1'
    'REQUEST_METHOD' => 'GET'
    'QUERY_STRING' => ''
    'REQUEST_URI' => '/weimp/weixin/web/index.php'
    'SCRIPT_NAME' => '/weimp/weixin/web/index.php'
    'PHP_SELF' => '/weimp/weixin/web/index.php'
    'REQUEST_TIME_FLOAT' => 1439124756.629
    'REQUEST_TIME' => 1439124756
]
2015-08-09 20:52:36 [::1][-][-][warning][yii\log\Dispatcher::dispatch] Unable to send log via yii\debug\LogTarget: Exception (Invalid Configuration) 'yii\base\InvalidConfigException' with message 'The directory does not exist: /Users/liujinlan/web/weimp/weixin/web/assets' 

in /Users/liujinlan/web/weimp/vendor/yiisoft/yii2/web/AssetManager.php:175

Stack trace:
#0 /Users/liujinlan/web/weimp/vendor/yiisoft/yii2/base/Object.php(107): yii\web\AssetManager->init()
#1 [internal function]: yii\base\Object->__construct(Array)
#2 /Users/liujinlan/web/weimp/vendor/yiisoft/yii2/di/Container.php(366): ReflectionClass->newInstanceArgs(Array)
#3 /Users/liujinlan/web/weimp/vendor/yiisoft/yii2/di/Container.php(151): yii\di\Container->build('yii\\web\\AssetMa...', Array, Array)
#4 /Users/liujinlan/web/weimp/vendor/yiisoft/yii2/BaseYii.php(344): yii\di\Container->get('yii\\web\\AssetMa...', Array, Array)
#5 /Users/liujinlan/web/weimp/vendor/yiisoft/yii2/di/ServiceLocator.php(133): yii\BaseYii::createObject(Array)
#6 /Users/liujinlan/web/weimp/vendor/yiisoft/yii2/base/Application.php(600): yii\di\ServiceLocator->get('assetManager')
#7 /Users/liujinlan/web/weimp/vendor/yiisoft/yii2/web/View.php(223): yii\base\Application->getAssetManager()
#8 /Users/liujinlan/web/weimp/vendor/yiisoft/yii2/base/Component.php(130): yii\web\View->getAssetManager()
#9 /Users/liujinlan/web/weimp/vendor/yiisoft/yii2-debug/panels/AssetPanel.php(53): yii\base\Component->__get('assetManager')
#10 /Users/liujinlan/web/weimp/vendor/yiisoft/yii2-debug/LogTarget.php(55): yii\debug\panels\AssetPanel->save()
#11 /Users/liujinlan/web/weimp/vendor/yiisoft/yii2-debug/LogTarget.php(112): yii\debug\LogTarget->export(Array)
#12 /Users/liujinlan/web/weimp/vendor/yiisoft/yii2/log/Dispatcher.php(183): yii\debug\LogTarget->collect(Array, true)
#13 /Users/liujinlan/web/weimp/vendor/yiisoft/yii2/log/Logger.php(173): yii\log\Dispatcher->dispatch(Array, true)
#14 /Users/liujinlan/web/weimp/vendor/yiisoft/yii2/base/ErrorHandler.php(193): yii\log\Logger->flush(true)
#15 [internal function]: yii\base\ErrorHandler->handleFatalError()
#16 {main}
2015-08-09 20:52:36 [::1][-][-][info][application] $_COOKIE = [
    '_csrf' => 'fc29698990aa0d47a65082f27d36c7145840d9e88ee5f11a20443b3645f6eccaa:2:{i:0;s:5:\"_csrf\";i:1;s:32:\"0uXTRdZnD39tCd9J33N1Kj7Cb1OPsEVs\";}'
    'b090___session' => 'eyJ1aWQiOiIxIiwibGFzdHZpc2l0IjoiMCIsImxhc3RpcCI6IiIsImhhc2giOiJmNjAzMzExMThlNGQ5NWI5NGQwNDgzMDViMmU1MDNhYiJ9'
    'PHPSESSID' => 'mvd34iun4oafnabj79tgsg8ls6'
    '_identity' => '4952323d979ceaf2d2c3c01898cdd8a40754c78461e8ccbb0e566f9ad6b11814a:2:{i:0;s:9:\"_identity\";i:1;s:14:\"[1,\"\",2592000]\";}'
]

$_SERVER = [
    'HTTP_HOST' => 'localhost'
    'HTTP_CONNECTION' => 'keep-alive'
    'HTTP_CACHE_CONTROL' => 'max-age=0'
    'HTTP_ACCEPT' => 'text/html,application/xhtml+xml,application/xml;q=0.9,image/webp,*/*;q=0.8'
    'HTTP_UPGRADE_INSECURE_REQUESTS' => '1'
    'HTTP_USER_AGENT' => 'Mozilla/5.0 (Macintosh; Intel Mac OS X 10_9_5) AppleWebKit/537.36 (KHTML, like Gecko) Chrome/44.0.2403.125 Safari/537.36'
    'HTTP_ACCEPT_ENCODING' => 'gzip, deflate, sdch'
    'HTTP_ACCEPT_LANGUAGE' => 'zh-CN,zh;q=0.8,en;q=0.6'
    'HTTP_COOKIE' => '_csrf=fc29698990aa0d47a65082f27d36c7145840d9e88ee5f11a20443b3645f6eccaa%3A2%3A%7Bi%3A0%3Bs%3A5%3A%22_csrf%22%3Bi%3A1%3Bs%3A32%3A%220uXTRdZnD39tCd9J33N1Kj7Cb1OPsEVs%22%3B%7D; b090___session=eyJ1aWQiOiIxIiwibGFzdHZpc2l0IjoiMCIsImxhc3RpcCI6IiIsImhhc2giOiJmNjAzMzExMThlNGQ5NWI5NGQwNDgzMDViMmU1MDNhYiJ9; PHPSESSID=mvd34iun4oafnabj79tgsg8ls6; _identity=4952323d979ceaf2d2c3c01898cdd8a40754c78461e8ccbb0e566f9ad6b11814a%3A2%3A%7Bi%3A0%3Bs%3A9%3A%22_identity%22%3Bi%3A1%3Bs%3A14%3A%22%5B1%2C%22%22%2C2592000%5D%22%3B%7D'
    'PATH' => '/usr/bin:/bin:/usr/sbin:/sbin'
    'SERVER_SIGNATURE' => ''
    'SERVER_SOFTWARE' => 'Apache/2.2.26 (Unix) DAV/2 PHP/5.4.30 mod_ssl/2.2.26 OpenSSL/0.9.8za'
    'SERVER_NAME' => 'localhost'
    'SERVER_ADDR' => '::1'
    'SERVER_PORT' => '80'
    'REMOTE_ADDR' => '::1'
    'DOCUMENT_ROOT' => '/Users/liujinlan/web'
    'SERVER_ADMIN' => 'you@example.com'
    'SCRIPT_FILENAME' => '/Users/liujinlan/web/weimp/weixin/web/index.php'
    'REMOTE_PORT' => '57880'
    'GATEWAY_INTERFACE' => 'CGI/1.1'
    'SERVER_PROTOCOL' => 'HTTP/1.1'
    'REQUEST_METHOD' => 'GET'
    'QUERY_STRING' => ''
    'REQUEST_URI' => '/weimp/weixin/web/index.php'
    'SCRIPT_NAME' => '/weimp/weixin/web/index.php'
    'PHP_SELF' => '/weimp/weixin/web/index.php'
    'REQUEST_TIME_FLOAT' => 1439124756.629
    'REQUEST_TIME' => 1439124756
]
2015-08-09 20:52:56 [::1][-][-][error][yii\base\ErrorException:4] exception 'yii\base\ErrorException' with message 'parse error, expecting `"function (T_FUNCTION)"'' in /Users/liujinlan/web/weimp/weixin/controllers/WeixinController.php:23
Stack trace:
#0 [internal function]: yii\base\ErrorHandler->handleFatalError()
#1 {main}
2015-08-09 20:52:56 [::1][-][-][info][application] $_COOKIE = [
    '_csrf' => 'fc29698990aa0d47a65082f27d36c7145840d9e88ee5f11a20443b3645f6eccaa:2:{i:0;s:5:\"_csrf\";i:1;s:32:\"0uXTRdZnD39tCd9J33N1Kj7Cb1OPsEVs\";}'
    'b090___session' => 'eyJ1aWQiOiIxIiwibGFzdHZpc2l0IjoiMCIsImxhc3RpcCI6IiIsImhhc2giOiJmNjAzMzExMThlNGQ5NWI5NGQwNDgzMDViMmU1MDNhYiJ9'
    'PHPSESSID' => 'mvd34iun4oafnabj79tgsg8ls6'
    '_identity' => '4952323d979ceaf2d2c3c01898cdd8a40754c78461e8ccbb0e566f9ad6b11814a:2:{i:0;s:9:\"_identity\";i:1;s:14:\"[1,\"\",2592000]\";}'
]

$_SERVER = [
    'HTTP_HOST' => 'localhost'
    'HTTP_CONNECTION' => 'keep-alive'
    'HTTP_CACHE_CONTROL' => 'max-age=0'
    'HTTP_ACCEPT' => 'text/html,application/xhtml+xml,application/xml;q=0.9,image/webp,*/*;q=0.8'
    'HTTP_UPGRADE_INSECURE_REQUESTS' => '1'
    'HTTP_USER_AGENT' => 'Mozilla/5.0 (Macintosh; Intel Mac OS X 10_9_5) AppleWebKit/537.36 (KHTML, like Gecko) Chrome/44.0.2403.125 Safari/537.36'
    'HTTP_ACCEPT_ENCODING' => 'gzip, deflate, sdch'
    'HTTP_ACCEPT_LANGUAGE' => 'zh-CN,zh;q=0.8,en;q=0.6'
    'HTTP_COOKIE' => '_csrf=fc29698990aa0d47a65082f27d36c7145840d9e88ee5f11a20443b3645f6eccaa%3A2%3A%7Bi%3A0%3Bs%3A5%3A%22_csrf%22%3Bi%3A1%3Bs%3A32%3A%220uXTRdZnD39tCd9J33N1Kj7Cb1OPsEVs%22%3B%7D; b090___session=eyJ1aWQiOiIxIiwibGFzdHZpc2l0IjoiMCIsImxhc3RpcCI6IiIsImhhc2giOiJmNjAzMzExMThlNGQ5NWI5NGQwNDgzMDViMmU1MDNhYiJ9; PHPSESSID=mvd34iun4oafnabj79tgsg8ls6; _identity=4952323d979ceaf2d2c3c01898cdd8a40754c78461e8ccbb0e566f9ad6b11814a%3A2%3A%7Bi%3A0%3Bs%3A9%3A%22_identity%22%3Bi%3A1%3Bs%3A14%3A%22%5B1%2C%22%22%2C2592000%5D%22%3B%7D'
    'PATH' => '/usr/bin:/bin:/usr/sbin:/sbin'
    'SERVER_SIGNATURE' => ''
    'SERVER_SOFTWARE' => 'Apache/2.2.26 (Unix) DAV/2 PHP/5.4.30 mod_ssl/2.2.26 OpenSSL/0.9.8za'
    'SERVER_NAME' => 'localhost'
    'SERVER_ADDR' => '::1'
    'SERVER_PORT' => '80'
    'REMOTE_ADDR' => '::1'
    'DOCUMENT_ROOT' => '/Users/liujinlan/web'
    'SERVER_ADMIN' => 'you@example.com'
    'SCRIPT_FILENAME' => '/Users/liujinlan/web/weimp/weixin/web/index.php'
    'REMOTE_PORT' => '57885'
    'GATEWAY_INTERFACE' => 'CGI/1.1'
    'SERVER_PROTOCOL' => 'HTTP/1.1'
    'REQUEST_METHOD' => 'GET'
    'QUERY_STRING' => ''
    'REQUEST_URI' => '/weimp/weixin/web/index.php'
    'SCRIPT_NAME' => '/weimp/weixin/web/index.php'
    'PHP_SELF' => '/weimp/weixin/web/index.php'
    'REQUEST_TIME_FLOAT' => 1439124776.334
    'REQUEST_TIME' => 1439124776
]
2015-08-09 20:52:56 [::1][-][-][warning][yii\log\Dispatcher::dispatch] Unable to send log via yii\debug\LogTarget: Exception (Invalid Configuration) 'yii\base\InvalidConfigException' with message 'The directory does not exist: /Users/liujinlan/web/weimp/weixin/web/assets' 

in /Users/liujinlan/web/weimp/vendor/yiisoft/yii2/web/AssetManager.php:175

Stack trace:
#0 /Users/liujinlan/web/weimp/vendor/yiisoft/yii2/base/Object.php(107): yii\web\AssetManager->init()
#1 [internal function]: yii\base\Object->__construct(Array)
#2 /Users/liujinlan/web/weimp/vendor/yiisoft/yii2/di/Container.php(366): ReflectionClass->newInstanceArgs(Array)
#3 /Users/liujinlan/web/weimp/vendor/yiisoft/yii2/di/Container.php(151): yii\di\Container->build('yii\\web\\AssetMa...', Array, Array)
#4 /Users/liujinlan/web/weimp/vendor/yiisoft/yii2/BaseYii.php(344): yii\di\Container->get('yii\\web\\AssetMa...', Array, Array)
#5 /Users/liujinlan/web/weimp/vendor/yiisoft/yii2/di/ServiceLocator.php(133): yii\BaseYii::createObject(Array)
#6 /Users/liujinlan/web/weimp/vendor/yiisoft/yii2/base/Application.php(600): yii\di\ServiceLocator->get('assetManager')
#7 /Users/liujinlan/web/weimp/vendor/yiisoft/yii2/web/View.php(223): yii\base\Application->getAssetManager()
#8 /Users/liujinlan/web/weimp/vendor/yiisoft/yii2/base/Component.php(130): yii\web\View->getAssetManager()
#9 /Users/liujinlan/web/weimp/vendor/yiisoft/yii2-debug/panels/AssetPanel.php(53): yii\base\Component->__get('assetManager')
#10 /Users/liujinlan/web/weimp/vendor/yiisoft/yii2-debug/LogTarget.php(55): yii\debug\panels\AssetPanel->save()
#11 /Users/liujinlan/web/weimp/vendor/yiisoft/yii2-debug/LogTarget.php(112): yii\debug\LogTarget->export(Array)
#12 /Users/liujinlan/web/weimp/vendor/yiisoft/yii2/log/Dispatcher.php(183): yii\debug\LogTarget->collect(Array, true)
#13 /Users/liujinlan/web/weimp/vendor/yiisoft/yii2/log/Logger.php(173): yii\log\Dispatcher->dispatch(Array, true)
#14 /Users/liujinlan/web/weimp/vendor/yiisoft/yii2/base/ErrorHandler.php(193): yii\log\Logger->flush(true)
#15 [internal function]: yii\base\ErrorHandler->handleFatalError()
#16 {main}
2015-08-09 20:52:56 [::1][-][-][info][application] $_COOKIE = [
    '_csrf' => 'fc29698990aa0d47a65082f27d36c7145840d9e88ee5f11a20443b3645f6eccaa:2:{i:0;s:5:\"_csrf\";i:1;s:32:\"0uXTRdZnD39tCd9J33N1Kj7Cb1OPsEVs\";}'
    'b090___session' => 'eyJ1aWQiOiIxIiwibGFzdHZpc2l0IjoiMCIsImxhc3RpcCI6IiIsImhhc2giOiJmNjAzMzExMThlNGQ5NWI5NGQwNDgzMDViMmU1MDNhYiJ9'
    'PHPSESSID' => 'mvd34iun4oafnabj79tgsg8ls6'
    '_identity' => '4952323d979ceaf2d2c3c01898cdd8a40754c78461e8ccbb0e566f9ad6b11814a:2:{i:0;s:9:\"_identity\";i:1;s:14:\"[1,\"\",2592000]\";}'
]

$_SERVER = [
    'HTTP_HOST' => 'localhost'
    'HTTP_CONNECTION' => 'keep-alive'
    'HTTP_CACHE_CONTROL' => 'max-age=0'
    'HTTP_ACCEPT' => 'text/html,application/xhtml+xml,application/xml;q=0.9,image/webp,*/*;q=0.8'
    'HTTP_UPGRADE_INSECURE_REQUESTS' => '1'
    'HTTP_USER_AGENT' => 'Mozilla/5.0 (Macintosh; Intel Mac OS X 10_9_5) AppleWebKit/537.36 (KHTML, like Gecko) Chrome/44.0.2403.125 Safari/537.36'
    'HTTP_ACCEPT_ENCODING' => 'gzip, deflate, sdch'
    'HTTP_ACCEPT_LANGUAGE' => 'zh-CN,zh;q=0.8,en;q=0.6'
    'HTTP_COOKIE' => '_csrf=fc29698990aa0d47a65082f27d36c7145840d9e88ee5f11a20443b3645f6eccaa%3A2%3A%7Bi%3A0%3Bs%3A5%3A%22_csrf%22%3Bi%3A1%3Bs%3A32%3A%220uXTRdZnD39tCd9J33N1Kj7Cb1OPsEVs%22%3B%7D; b090___session=eyJ1aWQiOiIxIiwibGFzdHZpc2l0IjoiMCIsImxhc3RpcCI6IiIsImhhc2giOiJmNjAzMzExMThlNGQ5NWI5NGQwNDgzMDViMmU1MDNhYiJ9; PHPSESSID=mvd34iun4oafnabj79tgsg8ls6; _identity=4952323d979ceaf2d2c3c01898cdd8a40754c78461e8ccbb0e566f9ad6b11814a%3A2%3A%7Bi%3A0%3Bs%3A9%3A%22_identity%22%3Bi%3A1%3Bs%3A14%3A%22%5B1%2C%22%22%2C2592000%5D%22%3B%7D'
    'PATH' => '/usr/bin:/bin:/usr/sbin:/sbin'
    'SERVER_SIGNATURE' => ''
    'SERVER_SOFTWARE' => 'Apache/2.2.26 (Unix) DAV/2 PHP/5.4.30 mod_ssl/2.2.26 OpenSSL/0.9.8za'
    'SERVER_NAME' => 'localhost'
    'SERVER_ADDR' => '::1'
    'SERVER_PORT' => '80'
    'REMOTE_ADDR' => '::1'
    'DOCUMENT_ROOT' => '/Users/liujinlan/web'
    'SERVER_ADMIN' => 'you@example.com'
    'SCRIPT_FILENAME' => '/Users/liujinlan/web/weimp/weixin/web/index.php'
    'REMOTE_PORT' => '57885'
    'GATEWAY_INTERFACE' => 'CGI/1.1'
    'SERVER_PROTOCOL' => 'HTTP/1.1'
    'REQUEST_METHOD' => 'GET'
    'QUERY_STRING' => ''
    'REQUEST_URI' => '/weimp/weixin/web/index.php'
    'SCRIPT_NAME' => '/weimp/weixin/web/index.php'
    'PHP_SELF' => '/weimp/weixin/web/index.php'
    'REQUEST_TIME_FLOAT' => 1439124776.334
    'REQUEST_TIME' => 1439124776
]
2015-08-09 20:53:00 [::1][-][-][error][yii\base\ErrorException:4] exception 'yii\base\ErrorException' with message 'parse error, expecting `"function (T_FUNCTION)"'' in /Users/liujinlan/web/weimp/weixin/controllers/WeixinController.php:23
Stack trace:
#0 [internal function]: yii\base\ErrorHandler->handleFatalError()
#1 {main}
2015-08-09 20:53:00 [::1][-][-][info][application] $_COOKIE = [
    '_csrf' => 'fc29698990aa0d47a65082f27d36c7145840d9e88ee5f11a20443b3645f6eccaa:2:{i:0;s:5:\"_csrf\";i:1;s:32:\"0uXTRdZnD39tCd9J33N1Kj7Cb1OPsEVs\";}'
    'b090___session' => 'eyJ1aWQiOiIxIiwibGFzdHZpc2l0IjoiMCIsImxhc3RpcCI6IiIsImhhc2giOiJmNjAzMzExMThlNGQ5NWI5NGQwNDgzMDViMmU1MDNhYiJ9'
    'PHPSESSID' => 'mvd34iun4oafnabj79tgsg8ls6'
    '_identity' => '4952323d979ceaf2d2c3c01898cdd8a40754c78461e8ccbb0e566f9ad6b11814a:2:{i:0;s:9:\"_identity\";i:1;s:14:\"[1,\"\",2592000]\";}'
]

$_SERVER = [
    'HTTP_HOST' => 'localhost'
    'HTTP_CONNECTION' => 'keep-alive'
    'HTTP_CACHE_CONTROL' => 'max-age=0'
    'HTTP_ACCEPT' => 'text/html,application/xhtml+xml,application/xml;q=0.9,image/webp,*/*;q=0.8'
    'HTTP_UPGRADE_INSECURE_REQUESTS' => '1'
    'HTTP_USER_AGENT' => 'Mozilla/5.0 (Macintosh; Intel Mac OS X 10_9_5) AppleWebKit/537.36 (KHTML, like Gecko) Chrome/44.0.2403.125 Safari/537.36'
    'HTTP_ACCEPT_ENCODING' => 'gzip, deflate, sdch'
    'HTTP_ACCEPT_LANGUAGE' => 'zh-CN,zh;q=0.8,en;q=0.6'
    'HTTP_COOKIE' => '_csrf=fc29698990aa0d47a65082f27d36c7145840d9e88ee5f11a20443b3645f6eccaa%3A2%3A%7Bi%3A0%3Bs%3A5%3A%22_csrf%22%3Bi%3A1%3Bs%3A32%3A%220uXTRdZnD39tCd9J33N1Kj7Cb1OPsEVs%22%3B%7D; b090___session=eyJ1aWQiOiIxIiwibGFzdHZpc2l0IjoiMCIsImxhc3RpcCI6IiIsImhhc2giOiJmNjAzMzExMThlNGQ5NWI5NGQwNDgzMDViMmU1MDNhYiJ9; PHPSESSID=mvd34iun4oafnabj79tgsg8ls6; _identity=4952323d979ceaf2d2c3c01898cdd8a40754c78461e8ccbb0e566f9ad6b11814a%3A2%3A%7Bi%3A0%3Bs%3A9%3A%22_identity%22%3Bi%3A1%3Bs%3A14%3A%22%5B1%2C%22%22%2C2592000%5D%22%3B%7D'
    'PATH' => '/usr/bin:/bin:/usr/sbin:/sbin'
    'SERVER_SIGNATURE' => ''
    'SERVER_SOFTWARE' => 'Apache/2.2.26 (Unix) DAV/2 PHP/5.4.30 mod_ssl/2.2.26 OpenSSL/0.9.8za'
    'SERVER_NAME' => 'localhost'
    'SERVER_ADDR' => '::1'
    'SERVER_PORT' => '80'
    'REMOTE_ADDR' => '::1'
    'DOCUMENT_ROOT' => '/Users/liujinlan/web'
    'SERVER_ADMIN' => 'you@example.com'
    'SCRIPT_FILENAME' => '/Users/liujinlan/web/weimp/weixin/web/index.php'
    'REMOTE_PORT' => '57889'
    'GATEWAY_INTERFACE' => 'CGI/1.1'
    'SERVER_PROTOCOL' => 'HTTP/1.1'
    'REQUEST_METHOD' => 'GET'
    'QUERY_STRING' => ''
    'REQUEST_URI' => '/weimp/weixin/web/'
    'SCRIPT_NAME' => '/weimp/weixin/web/index.php'
    'PHP_SELF' => '/weimp/weixin/web/index.php'
    'REQUEST_TIME_FLOAT' => 1439124780.343
    'REQUEST_TIME' => 1439124780
]
2015-08-09 20:53:00 [::1][-][-][warning][yii\log\Dispatcher::dispatch] Unable to send log via yii\debug\LogTarget: Exception (Invalid Configuration) 'yii\base\InvalidConfigException' with message 'The directory does not exist: /Users/liujinlan/web/weimp/weixin/web/assets' 

in /Users/liujinlan/web/weimp/vendor/yiisoft/yii2/web/AssetManager.php:175

Stack trace:
#0 /Users/liujinlan/web/weimp/vendor/yiisoft/yii2/base/Object.php(107): yii\web\AssetManager->init()
#1 [internal function]: yii\base\Object->__construct(Array)
#2 /Users/liujinlan/web/weimp/vendor/yiisoft/yii2/di/Container.php(366): ReflectionClass->newInstanceArgs(Array)
#3 /Users/liujinlan/web/weimp/vendor/yiisoft/yii2/di/Container.php(151): yii\di\Container->build('yii\\web\\AssetMa...', Array, Array)
#4 /Users/liujinlan/web/weimp/vendor/yiisoft/yii2/BaseYii.php(344): yii\di\Container->get('yii\\web\\AssetMa...', Array, Array)
#5 /Users/liujinlan/web/weimp/vendor/yiisoft/yii2/di/ServiceLocator.php(133): yii\BaseYii::createObject(Array)
#6 /Users/liujinlan/web/weimp/vendor/yiisoft/yii2/base/Application.php(600): yii\di\ServiceLocator->get('assetManager')
#7 /Users/liujinlan/web/weimp/vendor/yiisoft/yii2/web/View.php(223): yii\base\Application->getAssetManager()
#8 /Users/liujinlan/web/weimp/vendor/yiisoft/yii2/base/Component.php(130): yii\web\View->getAssetManager()
#9 /Users/liujinlan/web/weimp/vendor/yiisoft/yii2-debug/panels/AssetPanel.php(53): yii\base\Component->__get('assetManager')
#10 /Users/liujinlan/web/weimp/vendor/yiisoft/yii2-debug/LogTarget.php(55): yii\debug\panels\AssetPanel->save()
#11 /Users/liujinlan/web/weimp/vendor/yiisoft/yii2-debug/LogTarget.php(112): yii\debug\LogTarget->export(Array)
#12 /Users/liujinlan/web/weimp/vendor/yiisoft/yii2/log/Dispatcher.php(183): yii\debug\LogTarget->collect(Array, true)
#13 /Users/liujinlan/web/weimp/vendor/yiisoft/yii2/log/Logger.php(173): yii\log\Dispatcher->dispatch(Array, true)
#14 /Users/liujinlan/web/weimp/vendor/yiisoft/yii2/base/ErrorHandler.php(193): yii\log\Logger->flush(true)
#15 [internal function]: yii\base\ErrorHandler->handleFatalError()
#16 {main}
2015-08-09 20:53:00 [::1][-][-][info][application] $_COOKIE = [
    '_csrf' => 'fc29698990aa0d47a65082f27d36c7145840d9e88ee5f11a20443b3645f6eccaa:2:{i:0;s:5:\"_csrf\";i:1;s:32:\"0uXTRdZnD39tCd9J33N1Kj7Cb1OPsEVs\";}'
    'b090___session' => 'eyJ1aWQiOiIxIiwibGFzdHZpc2l0IjoiMCIsImxhc3RpcCI6IiIsImhhc2giOiJmNjAzMzExMThlNGQ5NWI5NGQwNDgzMDViMmU1MDNhYiJ9'
    'PHPSESSID' => 'mvd34iun4oafnabj79tgsg8ls6'
    '_identity' => '4952323d979ceaf2d2c3c01898cdd8a40754c78461e8ccbb0e566f9ad6b11814a:2:{i:0;s:9:\"_identity\";i:1;s:14:\"[1,\"\",2592000]\";}'
]

$_SERVER = [
    'HTTP_HOST' => 'localhost'
    'HTTP_CONNECTION' => 'keep-alive'
    'HTTP_CACHE_CONTROL' => 'max-age=0'
    'HTTP_ACCEPT' => 'text/html,application/xhtml+xml,application/xml;q=0.9,image/webp,*/*;q=0.8'
    'HTTP_UPGRADE_INSECURE_REQUESTS' => '1'
    'HTTP_USER_AGENT' => 'Mozilla/5.0 (Macintosh; Intel Mac OS X 10_9_5) AppleWebKit/537.36 (KHTML, like Gecko) Chrome/44.0.2403.125 Safari/537.36'
    'HTTP_ACCEPT_ENCODING' => 'gzip, deflate, sdch'
    'HTTP_ACCEPT_LANGUAGE' => 'zh-CN,zh;q=0.8,en;q=0.6'
    'HTTP_COOKIE' => '_csrf=fc29698990aa0d47a65082f27d36c7145840d9e88ee5f11a20443b3645f6eccaa%3A2%3A%7Bi%3A0%3Bs%3A5%3A%22_csrf%22%3Bi%3A1%3Bs%3A32%3A%220uXTRdZnD39tCd9J33N1Kj7Cb1OPsEVs%22%3B%7D; b090___session=eyJ1aWQiOiIxIiwibGFzdHZpc2l0IjoiMCIsImxhc3RpcCI6IiIsImhhc2giOiJmNjAzMzExMThlNGQ5NWI5NGQwNDgzMDViMmU1MDNhYiJ9; PHPSESSID=mvd34iun4oafnabj79tgsg8ls6; _identity=4952323d979ceaf2d2c3c01898cdd8a40754c78461e8ccbb0e566f9ad6b11814a%3A2%3A%7Bi%3A0%3Bs%3A9%3A%22_identity%22%3Bi%3A1%3Bs%3A14%3A%22%5B1%2C%22%22%2C2592000%5D%22%3B%7D'
    'PATH' => '/usr/bin:/bin:/usr/sbin:/sbin'
    'SERVER_SIGNATURE' => ''
    'SERVER_SOFTWARE' => 'Apache/2.2.26 (Unix) DAV/2 PHP/5.4.30 mod_ssl/2.2.26 OpenSSL/0.9.8za'
    'SERVER_NAME' => 'localhost'
    'SERVER_ADDR' => '::1'
    'SERVER_PORT' => '80'
    'REMOTE_ADDR' => '::1'
    'DOCUMENT_ROOT' => '/Users/liujinlan/web'
    'SERVER_ADMIN' => 'you@example.com'
    'SCRIPT_FILENAME' => '/Users/liujinlan/web/weimp/weixin/web/index.php'
    'REMOTE_PORT' => '57889'
    'GATEWAY_INTERFACE' => 'CGI/1.1'
    'SERVER_PROTOCOL' => 'HTTP/1.1'
    'REQUEST_METHOD' => 'GET'
    'QUERY_STRING' => ''
    'REQUEST_URI' => '/weimp/weixin/web/'
    'SCRIPT_NAME' => '/weimp/weixin/web/index.php'
    'PHP_SELF' => '/weimp/weixin/web/index.php'
    'REQUEST_TIME_FLOAT' => 1439124780.343
    'REQUEST_TIME' => 1439124780
]
2015-08-09 20:53:05 [::1][-][-][error][yii\base\ErrorException:4] exception 'yii\base\ErrorException' with message 'parse error, expecting `"function (T_FUNCTION)"'' in /Users/liujinlan/web/weimp/weixin/controllers/WeixinController.php:23
Stack trace:
#0 [internal function]: yii\base\ErrorHandler->handleFatalError()
#1 {main}
2015-08-09 20:53:05 [::1][-][-][info][application] $_COOKIE = [
    '_csrf' => 'fc29698990aa0d47a65082f27d36c7145840d9e88ee5f11a20443b3645f6eccaa:2:{i:0;s:5:\"_csrf\";i:1;s:32:\"0uXTRdZnD39tCd9J33N1Kj7Cb1OPsEVs\";}'
    'b090___session' => 'eyJ1aWQiOiIxIiwibGFzdHZpc2l0IjoiMCIsImxhc3RpcCI6IiIsImhhc2giOiJmNjAzMzExMThlNGQ5NWI5NGQwNDgzMDViMmU1MDNhYiJ9'
    'PHPSESSID' => 'mvd34iun4oafnabj79tgsg8ls6'
    '_identity' => '4952323d979ceaf2d2c3c01898cdd8a40754c78461e8ccbb0e566f9ad6b11814a:2:{i:0;s:9:\"_identity\";i:1;s:14:\"[1,\"\",2592000]\";}'
]

$_SERVER = [
    'HTTP_HOST' => 'localhost'
    'HTTP_CONNECTION' => 'keep-alive'
    'HTTP_ACCEPT' => 'text/html,application/xhtml+xml,application/xml;q=0.9,image/webp,*/*;q=0.8'
    'HTTP_UPGRADE_INSECURE_REQUESTS' => '1'
    'HTTP_USER_AGENT' => 'Mozilla/5.0 (Macintosh; Intel Mac OS X 10_9_5) AppleWebKit/537.36 (KHTML, like Gecko) Chrome/44.0.2403.125 Safari/537.36'
    'HTTP_REFERER' => 'http://localhost/weimp/weixin/'
    'HTTP_ACCEPT_ENCODING' => 'gzip, deflate, sdch'
    'HTTP_ACCEPT_LANGUAGE' => 'zh-CN,zh;q=0.8,en;q=0.6'
    'HTTP_COOKIE' => '_csrf=fc29698990aa0d47a65082f27d36c7145840d9e88ee5f11a20443b3645f6eccaa%3A2%3A%7Bi%3A0%3Bs%3A5%3A%22_csrf%22%3Bi%3A1%3Bs%3A32%3A%220uXTRdZnD39tCd9J33N1Kj7Cb1OPsEVs%22%3B%7D; b090___session=eyJ1aWQiOiIxIiwibGFzdHZpc2l0IjoiMCIsImxhc3RpcCI6IiIsImhhc2giOiJmNjAzMzExMThlNGQ5NWI5NGQwNDgzMDViMmU1MDNhYiJ9; PHPSESSID=mvd34iun4oafnabj79tgsg8ls6; _identity=4952323d979ceaf2d2c3c01898cdd8a40754c78461e8ccbb0e566f9ad6b11814a%3A2%3A%7Bi%3A0%3Bs%3A9%3A%22_identity%22%3Bi%3A1%3Bs%3A14%3A%22%5B1%2C%22%22%2C2592000%5D%22%3B%7D'
    'PATH' => '/usr/bin:/bin:/usr/sbin:/sbin'
    'SERVER_SIGNATURE' => ''
    'SERVER_SOFTWARE' => 'Apache/2.2.26 (Unix) DAV/2 PHP/5.4.30 mod_ssl/2.2.26 OpenSSL/0.9.8za'
    'SERVER_NAME' => 'localhost'
    'SERVER_ADDR' => '::1'
    'SERVER_PORT' => '80'
    'REMOTE_ADDR' => '::1'
    'DOCUMENT_ROOT' => '/Users/liujinlan/web'
    'SERVER_ADMIN' => 'you@example.com'
    'SCRIPT_FILENAME' => '/Users/liujinlan/web/weimp/weixin/web/index.php'
    'REMOTE_PORT' => '57890'
    'GATEWAY_INTERFACE' => 'CGI/1.1'
    'SERVER_PROTOCOL' => 'HTTP/1.1'
    'REQUEST_METHOD' => 'GET'
    'QUERY_STRING' => ''
    'REQUEST_URI' => '/weimp/weixin/web/'
    'SCRIPT_NAME' => '/weimp/weixin/web/index.php'
    'PHP_SELF' => '/weimp/weixin/web/index.php'
    'REQUEST_TIME_FLOAT' => 1439124785.269
    'REQUEST_TIME' => 1439124785
]
2015-08-09 20:53:05 [::1][-][-][warning][yii\log\Dispatcher::dispatch] Unable to send log via yii\debug\LogTarget: Exception (Invalid Configuration) 'yii\base\InvalidConfigException' with message 'The directory does not exist: /Users/liujinlan/web/weimp/weixin/web/assets' 

in /Users/liujinlan/web/weimp/vendor/yiisoft/yii2/web/AssetManager.php:175

Stack trace:
#0 /Users/liujinlan/web/weimp/vendor/yiisoft/yii2/base/Object.php(107): yii\web\AssetManager->init()
#1 [internal function]: yii\base\Object->__construct(Array)
#2 /Users/liujinlan/web/weimp/vendor/yiisoft/yii2/di/Container.php(366): ReflectionClass->newInstanceArgs(Array)
#3 /Users/liujinlan/web/weimp/vendor/yiisoft/yii2/di/Container.php(151): yii\di\Container->build('yii\\web\\AssetMa...', Array, Array)
#4 /Users/liujinlan/web/weimp/vendor/yiisoft/yii2/BaseYii.php(344): yii\di\Container->get('yii\\web\\AssetMa...', Array, Array)
#5 /Users/liujinlan/web/weimp/vendor/yiisoft/yii2/di/ServiceLocator.php(133): yii\BaseYii::createObject(Array)
#6 /Users/liujinlan/web/weimp/vendor/yiisoft/yii2/base/Application.php(600): yii\di\ServiceLocator->get('assetManager')
#7 /Users/liujinlan/web/weimp/vendor/yiisoft/yii2/web/View.php(223): yii\base\Application->getAssetManager()
#8 /Users/liujinlan/web/weimp/vendor/yiisoft/yii2/base/Component.php(130): yii\web\View->getAssetManager()
#9 /Users/liujinlan/web/weimp/vendor/yiisoft/yii2-debug/panels/AssetPanel.php(53): yii\base\Component->__get('assetManager')
#10 /Users/liujinlan/web/weimp/vendor/yiisoft/yii2-debug/LogTarget.php(55): yii\debug\panels\AssetPanel->save()
#11 /Users/liujinlan/web/weimp/vendor/yiisoft/yii2-debug/LogTarget.php(112): yii\debug\LogTarget->export(Array)
#12 /Users/liujinlan/web/weimp/vendor/yiisoft/yii2/log/Dispatcher.php(183): yii\debug\LogTarget->collect(Array, true)
#13 /Users/liujinlan/web/weimp/vendor/yiisoft/yii2/log/Logger.php(173): yii\log\Dispatcher->dispatch(Array, true)
#14 /Users/liujinlan/web/weimp/vendor/yiisoft/yii2/base/ErrorHandler.php(193): yii\log\Logger->flush(true)
#15 [internal function]: yii\base\ErrorHandler->handleFatalError()
#16 {main}
2015-08-09 20:53:05 [::1][-][-][info][application] $_COOKIE = [
    '_csrf' => 'fc29698990aa0d47a65082f27d36c7145840d9e88ee5f11a20443b3645f6eccaa:2:{i:0;s:5:\"_csrf\";i:1;s:32:\"0uXTRdZnD39tCd9J33N1Kj7Cb1OPsEVs\";}'
    'b090___session' => 'eyJ1aWQiOiIxIiwibGFzdHZpc2l0IjoiMCIsImxhc3RpcCI6IiIsImhhc2giOiJmNjAzMzExMThlNGQ5NWI5NGQwNDgzMDViMmU1MDNhYiJ9'
    'PHPSESSID' => 'mvd34iun4oafnabj79tgsg8ls6'
    '_identity' => '4952323d979ceaf2d2c3c01898cdd8a40754c78461e8ccbb0e566f9ad6b11814a:2:{i:0;s:9:\"_identity\";i:1;s:14:\"[1,\"\",2592000]\";}'
]

$_SERVER = [
    'HTTP_HOST' => 'localhost'
    'HTTP_CONNECTION' => 'keep-alive'
    'HTTP_ACCEPT' => 'text/html,application/xhtml+xml,application/xml;q=0.9,image/webp,*/*;q=0.8'
    'HTTP_UPGRADE_INSECURE_REQUESTS' => '1'
    'HTTP_USER_AGENT' => 'Mozilla/5.0 (Macintosh; Intel Mac OS X 10_9_5) AppleWebKit/537.36 (KHTML, like Gecko) Chrome/44.0.2403.125 Safari/537.36'
    'HTTP_REFERER' => 'http://localhost/weimp/weixin/'
    'HTTP_ACCEPT_ENCODING' => 'gzip, deflate, sdch'
    'HTTP_ACCEPT_LANGUAGE' => 'zh-CN,zh;q=0.8,en;q=0.6'
    'HTTP_COOKIE' => '_csrf=fc29698990aa0d47a65082f27d36c7145840d9e88ee5f11a20443b3645f6eccaa%3A2%3A%7Bi%3A0%3Bs%3A5%3A%22_csrf%22%3Bi%3A1%3Bs%3A32%3A%220uXTRdZnD39tCd9J33N1Kj7Cb1OPsEVs%22%3B%7D; b090___session=eyJ1aWQiOiIxIiwibGFzdHZpc2l0IjoiMCIsImxhc3RpcCI6IiIsImhhc2giOiJmNjAzMzExMThlNGQ5NWI5NGQwNDgzMDViMmU1MDNhYiJ9; PHPSESSID=mvd34iun4oafnabj79tgsg8ls6; _identity=4952323d979ceaf2d2c3c01898cdd8a40754c78461e8ccbb0e566f9ad6b11814a%3A2%3A%7Bi%3A0%3Bs%3A9%3A%22_identity%22%3Bi%3A1%3Bs%3A14%3A%22%5B1%2C%22%22%2C2592000%5D%22%3B%7D'
    'PATH' => '/usr/bin:/bin:/usr/sbin:/sbin'
    'SERVER_SIGNATURE' => ''
    'SERVER_SOFTWARE' => 'Apache/2.2.26 (Unix) DAV/2 PHP/5.4.30 mod_ssl/2.2.26 OpenSSL/0.9.8za'
    'SERVER_NAME' => 'localhost'
    'SERVER_ADDR' => '::1'
    'SERVER_PORT' => '80'
    'REMOTE_ADDR' => '::1'
    'DOCUMENT_ROOT' => '/Users/liujinlan/web'
    'SERVER_ADMIN' => 'you@example.com'
    'SCRIPT_FILENAME' => '/Users/liujinlan/web/weimp/weixin/web/index.php'
    'REMOTE_PORT' => '57890'
    'GATEWAY_INTERFACE' => 'CGI/1.1'
    'SERVER_PROTOCOL' => 'HTTP/1.1'
    'REQUEST_METHOD' => 'GET'
    'QUERY_STRING' => ''
    'REQUEST_URI' => '/weimp/weixin/web/'
    'SCRIPT_NAME' => '/weimp/weixin/web/index.php'
    'PHP_SELF' => '/weimp/weixin/web/index.php'
    'REQUEST_TIME_FLOAT' => 1439124785.269
    'REQUEST_TIME' => 1439124785
]
2015-08-09 20:56:34 [::1][-][-][error][yii\base\ErrorException:4] exception 'yii\base\ErrorException' with message 'parse error, expecting `']''' in /Users/liujinlan/web/weimp/weixin/controllers/WeixinController.php:20
Stack trace:
#0 [internal function]: yii\base\ErrorHandler->handleFatalError()
#1 {main}
2015-08-09 20:56:34 [::1][-][-][info][application] $_COOKIE = [
    '_csrf' => 'fc29698990aa0d47a65082f27d36c7145840d9e88ee5f11a20443b3645f6eccaa:2:{i:0;s:5:\"_csrf\";i:1;s:32:\"0uXTRdZnD39tCd9J33N1Kj7Cb1OPsEVs\";}'
    'b090___session' => 'eyJ1aWQiOiIxIiwibGFzdHZpc2l0IjoiMCIsImxhc3RpcCI6IiIsImhhc2giOiJmNjAzMzExMThlNGQ5NWI5NGQwNDgzMDViMmU1MDNhYiJ9'
    'PHPSESSID' => 'mvd34iun4oafnabj79tgsg8ls6'
    '_identity' => '4952323d979ceaf2d2c3c01898cdd8a40754c78461e8ccbb0e566f9ad6b11814a:2:{i:0;s:9:\"_identity\";i:1;s:14:\"[1,\"\",2592000]\";}'
]

$_SERVER = [
    'HTTP_HOST' => 'localhost'
    'HTTP_CONNECTION' => 'keep-alive'
    'HTTP_CACHE_CONTROL' => 'max-age=0'
    'HTTP_ACCEPT' => 'text/html,application/xhtml+xml,application/xml;q=0.9,image/webp,*/*;q=0.8'
    'HTTP_UPGRADE_INSECURE_REQUESTS' => '1'
    'HTTP_USER_AGENT' => 'Mozilla/5.0 (Macintosh; Intel Mac OS X 10_9_5) AppleWebKit/537.36 (KHTML, like Gecko) Chrome/44.0.2403.125 Safari/537.36'
    'HTTP_ACCEPT_ENCODING' => 'gzip, deflate, sdch'
    'HTTP_ACCEPT_LANGUAGE' => 'zh-CN,zh;q=0.8,en;q=0.6'
    'HTTP_COOKIE' => '_csrf=fc29698990aa0d47a65082f27d36c7145840d9e88ee5f11a20443b3645f6eccaa%3A2%3A%7Bi%3A0%3Bs%3A5%3A%22_csrf%22%3Bi%3A1%3Bs%3A32%3A%220uXTRdZnD39tCd9J33N1Kj7Cb1OPsEVs%22%3B%7D; b090___session=eyJ1aWQiOiIxIiwibGFzdHZpc2l0IjoiMCIsImxhc3RpcCI6IiIsImhhc2giOiJmNjAzMzExMThlNGQ5NWI5NGQwNDgzMDViMmU1MDNhYiJ9; PHPSESSID=mvd34iun4oafnabj79tgsg8ls6; _identity=4952323d979ceaf2d2c3c01898cdd8a40754c78461e8ccbb0e566f9ad6b11814a%3A2%3A%7Bi%3A0%3Bs%3A9%3A%22_identity%22%3Bi%3A1%3Bs%3A14%3A%22%5B1%2C%22%22%2C2592000%5D%22%3B%7D'
    'PATH' => '/usr/bin:/bin:/usr/sbin:/sbin'
    'SERVER_SIGNATURE' => ''
    'SERVER_SOFTWARE' => 'Apache/2.2.26 (Unix) DAV/2 PHP/5.4.30 mod_ssl/2.2.26 OpenSSL/0.9.8za'
    'SERVER_NAME' => 'localhost'
    'SERVER_ADDR' => '::1'
    'SERVER_PORT' => '80'
    'REMOTE_ADDR' => '::1'
    'DOCUMENT_ROOT' => '/Users/liujinlan/web'
    'SERVER_ADMIN' => 'you@example.com'
    'SCRIPT_FILENAME' => '/Users/liujinlan/web/weimp/weixin/web/index.php'
    'REMOTE_PORT' => '57977'
    'GATEWAY_INTERFACE' => 'CGI/1.1'
    'SERVER_PROTOCOL' => 'HTTP/1.1'
    'REQUEST_METHOD' => 'GET'
    'QUERY_STRING' => ''
    'REQUEST_URI' => '/weimp/weixin/web/'
    'SCRIPT_NAME' => '/weimp/weixin/web/index.php'
    'PHP_SELF' => '/weimp/weixin/web/index.php'
    'REQUEST_TIME_FLOAT' => 1439124994.71
    'REQUEST_TIME' => 1439124994
]
2015-08-09 20:56:34 [::1][-][-][warning][yii\log\Dispatcher::dispatch] Unable to send log via yii\debug\LogTarget: Exception (Invalid Configuration) 'yii\base\InvalidConfigException' with message 'The directory does not exist: /Users/liujinlan/web/weimp/weixin/web/assets' 

in /Users/liujinlan/web/weimp/vendor/yiisoft/yii2/web/AssetManager.php:175

Stack trace:
#0 /Users/liujinlan/web/weimp/vendor/yiisoft/yii2/base/Object.php(107): yii\web\AssetManager->init()
#1 [internal function]: yii\base\Object->__construct(Array)
#2 /Users/liujinlan/web/weimp/vendor/yiisoft/yii2/di/Container.php(366): ReflectionClass->newInstanceArgs(Array)
#3 /Users/liujinlan/web/weimp/vendor/yiisoft/yii2/di/Container.php(151): yii\di\Container->build('yii\\web\\AssetMa...', Array, Array)
#4 /Users/liujinlan/web/weimp/vendor/yiisoft/yii2/BaseYii.php(344): yii\di\Container->get('yii\\web\\AssetMa...', Array, Array)
#5 /Users/liujinlan/web/weimp/vendor/yiisoft/yii2/di/ServiceLocator.php(133): yii\BaseYii::createObject(Array)
#6 /Users/liujinlan/web/weimp/vendor/yiisoft/yii2/base/Application.php(600): yii\di\ServiceLocator->get('assetManager')
#7 /Users/liujinlan/web/weimp/vendor/yiisoft/yii2/web/View.php(223): yii\base\Application->getAssetManager()
#8 /Users/liujinlan/web/weimp/vendor/yiisoft/yii2/base/Component.php(130): yii\web\View->getAssetManager()
#9 /Users/liujinlan/web/weimp/vendor/yiisoft/yii2-debug/panels/AssetPanel.php(53): yii\base\Component->__get('assetManager')
#10 /Users/liujinlan/web/weimp/vendor/yiisoft/yii2-debug/LogTarget.php(55): yii\debug\panels\AssetPanel->save()
#11 /Users/liujinlan/web/weimp/vendor/yiisoft/yii2-debug/LogTarget.php(112): yii\debug\LogTarget->export(Array)
#12 /Users/liujinlan/web/weimp/vendor/yiisoft/yii2/log/Dispatcher.php(183): yii\debug\LogTarget->collect(Array, true)
#13 /Users/liujinlan/web/weimp/vendor/yiisoft/yii2/log/Logger.php(173): yii\log\Dispatcher->dispatch(Array, true)
#14 /Users/liujinlan/web/weimp/vendor/yiisoft/yii2/base/ErrorHandler.php(193): yii\log\Logger->flush(true)
#15 [internal function]: yii\base\ErrorHandler->handleFatalError()
#16 {main}
2015-08-09 20:56:34 [::1][-][-][info][application] $_COOKIE = [
    '_csrf' => 'fc29698990aa0d47a65082f27d36c7145840d9e88ee5f11a20443b3645f6eccaa:2:{i:0;s:5:\"_csrf\";i:1;s:32:\"0uXTRdZnD39tCd9J33N1Kj7Cb1OPsEVs\";}'
    'b090___session' => 'eyJ1aWQiOiIxIiwibGFzdHZpc2l0IjoiMCIsImxhc3RpcCI6IiIsImhhc2giOiJmNjAzMzExMThlNGQ5NWI5NGQwNDgzMDViMmU1MDNhYiJ9'
    'PHPSESSID' => 'mvd34iun4oafnabj79tgsg8ls6'
    '_identity' => '4952323d979ceaf2d2c3c01898cdd8a40754c78461e8ccbb0e566f9ad6b11814a:2:{i:0;s:9:\"_identity\";i:1;s:14:\"[1,\"\",2592000]\";}'
]

$_SERVER = [
    'HTTP_HOST' => 'localhost'
    'HTTP_CONNECTION' => 'keep-alive'
    'HTTP_CACHE_CONTROL' => 'max-age=0'
    'HTTP_ACCEPT' => 'text/html,application/xhtml+xml,application/xml;q=0.9,image/webp,*/*;q=0.8'
    'HTTP_UPGRADE_INSECURE_REQUESTS' => '1'
    'HTTP_USER_AGENT' => 'Mozilla/5.0 (Macintosh; Intel Mac OS X 10_9_5) AppleWebKit/537.36 (KHTML, like Gecko) Chrome/44.0.2403.125 Safari/537.36'
    'HTTP_ACCEPT_ENCODING' => 'gzip, deflate, sdch'
    'HTTP_ACCEPT_LANGUAGE' => 'zh-CN,zh;q=0.8,en;q=0.6'
    'HTTP_COOKIE' => '_csrf=fc29698990aa0d47a65082f27d36c7145840d9e88ee5f11a20443b3645f6eccaa%3A2%3A%7Bi%3A0%3Bs%3A5%3A%22_csrf%22%3Bi%3A1%3Bs%3A32%3A%220uXTRdZnD39tCd9J33N1Kj7Cb1OPsEVs%22%3B%7D; b090___session=eyJ1aWQiOiIxIiwibGFzdHZpc2l0IjoiMCIsImxhc3RpcCI6IiIsImhhc2giOiJmNjAzMzExMThlNGQ5NWI5NGQwNDgzMDViMmU1MDNhYiJ9; PHPSESSID=mvd34iun4oafnabj79tgsg8ls6; _identity=4952323d979ceaf2d2c3c01898cdd8a40754c78461e8ccbb0e566f9ad6b11814a%3A2%3A%7Bi%3A0%3Bs%3A9%3A%22_identity%22%3Bi%3A1%3Bs%3A14%3A%22%5B1%2C%22%22%2C2592000%5D%22%3B%7D'
    'PATH' => '/usr/bin:/bin:/usr/sbin:/sbin'
    'SERVER_SIGNATURE' => ''
    'SERVER_SOFTWARE' => 'Apache/2.2.26 (Unix) DAV/2 PHP/5.4.30 mod_ssl/2.2.26 OpenSSL/0.9.8za'
    'SERVER_NAME' => 'localhost'
    'SERVER_ADDR' => '::1'
    'SERVER_PORT' => '80'
    'REMOTE_ADDR' => '::1'
    'DOCUMENT_ROOT' => '/Users/liujinlan/web'
    'SERVER_ADMIN' => 'you@example.com'
    'SCRIPT_FILENAME' => '/Users/liujinlan/web/weimp/weixin/web/index.php'
    'REMOTE_PORT' => '57977'
    'GATEWAY_INTERFACE' => 'CGI/1.1'
    'SERVER_PROTOCOL' => 'HTTP/1.1'
    'REQUEST_METHOD' => 'GET'
    'QUERY_STRING' => ''
    'REQUEST_URI' => '/weimp/weixin/web/'
    'SCRIPT_NAME' => '/weimp/weixin/web/index.php'
    'PHP_SELF' => '/weimp/weixin/web/index.php'
    'REQUEST_TIME_FLOAT' => 1439124994.71
    'REQUEST_TIME' => 1439124994
]
2015-08-09 20:56:57 [::1][-][-][warning][yii\log\Dispatcher::dispatch] Unable to send log via yii\debug\LogTarget: Exception (Invalid Configuration) 'yii\base\InvalidConfigException' with message 'The directory does not exist: /Users/liujinlan/web/weimp/weixin/web/assets' 

in /Users/liujinlan/web/weimp/vendor/yiisoft/yii2/web/AssetManager.php:175

Stack trace:
#0 /Users/liujinlan/web/weimp/vendor/yiisoft/yii2/base/Object.php(107): yii\web\AssetManager->init()
#1 [internal function]: yii\base\Object->__construct(Array)
#2 /Users/liujinlan/web/weimp/vendor/yiisoft/yii2/di/Container.php(366): ReflectionClass->newInstanceArgs(Array)
#3 /Users/liujinlan/web/weimp/vendor/yiisoft/yii2/di/Container.php(151): yii\di\Container->build('yii\\web\\AssetMa...', Array, Array)
#4 /Users/liujinlan/web/weimp/vendor/yiisoft/yii2/BaseYii.php(344): yii\di\Container->get('yii\\web\\AssetMa...', Array, Array)
#5 /Users/liujinlan/web/weimp/vendor/yiisoft/yii2/di/ServiceLocator.php(133): yii\BaseYii::createObject(Array)
#6 /Users/liujinlan/web/weimp/vendor/yiisoft/yii2/base/Application.php(600): yii\di\ServiceLocator->get('assetManager')
#7 /Users/liujinlan/web/weimp/vendor/yiisoft/yii2/web/View.php(223): yii\base\Application->getAssetManager()
#8 /Users/liujinlan/web/weimp/vendor/yiisoft/yii2/base/Component.php(130): yii\web\View->getAssetManager()
#9 /Users/liujinlan/web/weimp/vendor/yiisoft/yii2-debug/panels/AssetPanel.php(53): yii\base\Component->__get('assetManager')
#10 /Users/liujinlan/web/weimp/vendor/yiisoft/yii2-debug/LogTarget.php(55): yii\debug\panels\AssetPanel->save()
#11 /Users/liujinlan/web/weimp/vendor/yiisoft/yii2-debug/LogTarget.php(112): yii\debug\LogTarget->export(Array)
#12 /Users/liujinlan/web/weimp/vendor/yiisoft/yii2/log/Dispatcher.php(183): yii\debug\LogTarget->collect(Array, true)
#13 /Users/liujinlan/web/weimp/vendor/yiisoft/yii2/log/Logger.php(173): yii\log\Dispatcher->dispatch(Array, true)
#14 [internal function]: yii\log\Logger->flush(true)
#15 {main}
2015-08-09 20:56:57 [::1][-][-][info][application] $_COOKIE = [
    '_csrf' => 'fc29698990aa0d47a65082f27d36c7145840d9e88ee5f11a20443b3645f6eccaa:2:{i:0;s:5:\"_csrf\";i:1;s:32:\"0uXTRdZnD39tCd9J33N1Kj7Cb1OPsEVs\";}'
    'b090___session' => 'eyJ1aWQiOiIxIiwibGFzdHZpc2l0IjoiMCIsImxhc3RpcCI6IiIsImhhc2giOiJmNjAzMzExMThlNGQ5NWI5NGQwNDgzMDViMmU1MDNhYiJ9'
    'PHPSESSID' => 'mvd34iun4oafnabj79tgsg8ls6'
    '_identity' => '4952323d979ceaf2d2c3c01898cdd8a40754c78461e8ccbb0e566f9ad6b11814a:2:{i:0;s:9:\"_identity\";i:1;s:14:\"[1,\"\",2592000]\";}'
]

$_SERVER = [
    'HTTP_HOST' => 'localhost'
    'HTTP_CONNECTION' => 'keep-alive'
    'HTTP_CACHE_CONTROL' => 'max-age=0'
    'HTTP_ACCEPT' => 'text/html,application/xhtml+xml,application/xml;q=0.9,image/webp,*/*;q=0.8'
    'HTTP_UPGRADE_INSECURE_REQUESTS' => '1'
    'HTTP_USER_AGENT' => 'Mozilla/5.0 (Macintosh; Intel Mac OS X 10_9_5) AppleWebKit/537.36 (KHTML, like Gecko) Chrome/44.0.2403.125 Safari/537.36'
    'HTTP_ACCEPT_ENCODING' => 'gzip, deflate, sdch'
    'HTTP_ACCEPT_LANGUAGE' => 'zh-CN,zh;q=0.8,en;q=0.6'
    'HTTP_COOKIE' => '_csrf=fc29698990aa0d47a65082f27d36c7145840d9e88ee5f11a20443b3645f6eccaa%3A2%3A%7Bi%3A0%3Bs%3A5%3A%22_csrf%22%3Bi%3A1%3Bs%3A32%3A%220uXTRdZnD39tCd9J33N1Kj7Cb1OPsEVs%22%3B%7D; b090___session=eyJ1aWQiOiIxIiwibGFzdHZpc2l0IjoiMCIsImxhc3RpcCI6IiIsImhhc2giOiJmNjAzMzExMThlNGQ5NWI5NGQwNDgzMDViMmU1MDNhYiJ9; PHPSESSID=mvd34iun4oafnabj79tgsg8ls6; _identity=4952323d979ceaf2d2c3c01898cdd8a40754c78461e8ccbb0e566f9ad6b11814a%3A2%3A%7Bi%3A0%3Bs%3A9%3A%22_identity%22%3Bi%3A1%3Bs%3A14%3A%22%5B1%2C%22%22%2C2592000%5D%22%3B%7D'
    'PATH' => '/usr/bin:/bin:/usr/sbin:/sbin'
    'SERVER_SIGNATURE' => ''
    'SERVER_SOFTWARE' => 'Apache/2.2.26 (Unix) DAV/2 PHP/5.4.30 mod_ssl/2.2.26 OpenSSL/0.9.8za'
    'SERVER_NAME' => 'localhost'
    'SERVER_ADDR' => '::1'
    'SERVER_PORT' => '80'
    'REMOTE_ADDR' => '::1'
    'DOCUMENT_ROOT' => '/Users/liujinlan/web'
    'SERVER_ADMIN' => 'you@example.com'
    'SCRIPT_FILENAME' => '/Users/liujinlan/web/weimp/weixin/web/index.php'
    'REMOTE_PORT' => '57985'
    'GATEWAY_INTERFACE' => 'CGI/1.1'
    'SERVER_PROTOCOL' => 'HTTP/1.1'
    'REQUEST_METHOD' => 'GET'
    'QUERY_STRING' => ''
    'REQUEST_URI' => '/weimp/weixin/web/'
    'SCRIPT_NAME' => '/weimp/weixin/web/index.php'
    'PHP_SELF' => '/weimp/weixin/web/index.php'
    'REQUEST_TIME_FLOAT' => 1439125017.274
    'REQUEST_TIME' => 1439125017
]
